# JRE version: OpenJDK Runtime Environment (8.0_152-b01) (build 1.8.0_152-release-915-b01)
# Java VM: OpenJDK 64-Bit Server VM (25.152-b01 mixed mode windows-amd64 compressed oops)
Heap:
 PSYoungGen      total 291840K, used 247418K [0x00000000eab00000, 0x00000000ffb80000, 0x0000000100000000)
  eden space 245248K, 99% used [0x00000000eab00000,0x00000000f99a5570,0x00000000f9a80000)
  from space 46592K, 6% used [0x00000000fce00000,0x00000000fd0f9648,0x00000000ffb80000)
  to   space 49664K, 0% used [0x00000000f9a80000,0x00000000f9a80000,0x00000000fcb00000)
 ParOldGen       total 316928K, used 112762K [0x00000000c0000000, 0x00000000d3580000, 0x00000000eab00000)
  object space 316928K, 35% used [0x00000000c0000000,0x00000000c6e1e980,0x00000000d3580000)
 Metaspace       used 86978K, capacity 94014K, committed 97408K, reserved 1134592K
  class space    used 10824K, capacity 12396K, committed 13184K, reserved 1048576K
GC Heap History (10 events):
Event: 5897.936 GC heap before
{Heap before GC invocations=50 (full 3):
 PSYoungGen      total 303104K, used 285834K [0x00000000eab00000, 0x00000000ffe80000, 0x0000000100000000)
  eden space 265216K, 100% used [0x00000000eab00000,0x00000000fae00000,0x00000000fae00000)
  from space 37888K, 54% used [0x00000000fd380000,0x00000000fe7a2a88,0x00000000ff880000)
  to   space 38400K, 0% used [0x00000000fae00000,0x00000000fae00000,0x00000000fd380000)
 ParOldGen       total 213504K, used 177913K [0x00000000c0000000, 0x00000000cd080000, 0x00000000eab00000)
  object space 213504K, 83% used [0x00000000c0000000,0x00000000cadbe440,0x00000000cd080000)
 Metaspace       used 89259K, capacity 97360K, committed 97408K, reserved 1134592K
  class space    used 11340K, capacity 13178K, committed 13184K, reserved 1048576K
Event: 5898.004 GC heap after
Heap after GC invocations=50 (full 3):
 PSYoungGen      total 303616K, used 38375K [0x00000000eab00000, 0x0000000100000000, 0x0000000100000000)
  eden space 265216K, 0% used [0x00000000eab00000,0x00000000eab00000,0x00000000fae00000)
  from space 38400K, 99% used [0x00000000fae00000,0x00000000fd379df0,0x00000000fd380000)
  to   space 45568K, 0% used [0x00000000fd380000,0x00000000fd380000,0x0000000100000000)
 ParOldGen       total 213504K, used 200834K [0x00000000c0000000, 0x00000000cd080000, 0x00000000eab00000)
  object space 213504K, 94% used [0x00000000c0000000,0x00000000cc420860,0x00000000cd080000)
 Metaspace       used 89259K, capacity 97360K, committed 97408K, reserved 1134592K
  class space    used 11340K, capacity 13178K, committed 13184K, reserved 1048576K
}
Event: 5898.004 GC heap before
{Heap before GC invocations=51 (full 4):
 PSYoungGen      total 303616K, used 38375K [0x00000000eab00000, 0x0000000100000000, 0x0000000100000000)
  eden space 265216K, 0% used [0x00000000eab00000,0x00000000eab00000,0x00000000fae00000)
  from space 38400K, 99% used [0x00000000fae00000,0x00000000fd379df0,0x00000000fd380000)
  to   space 45568K, 0% used [0x00000000fd380000,0x00000000fd380000,0x0000000100000000)
 ParOldGen       total 213504K, used 200834K [0x00000000c0000000, 0x00000000cd080000, 0x00000000eab00000)
  object space 213504K, 94% used [0x00000000c0000000,0x00000000cc420860,0x00000000cd080000)
 Metaspace       used 89259K, capacity 97360K, committed 97408K, reserved 1134592K
  class space    used 11340K, capacity 13178K, committed 13184K, reserved 1048576K
Event: 5898.584 GC heap after
Heap after GC invocations=51 (full 4):
 PSYoungGen      total 303616K, used 0K [0x00000000eab00000, 0x0000000100000000, 0x0000000100000000)
  eden space 265216K, 0% used [0x00000000eab00000,0x00000000eab00000,0x00000000fae00000)
  from space 38400K, 0% used [0x00000000fae00000,0x00000000fae00000,0x00000000fd380000)
  to   space 45568K, 0% used [0x00000000fd380000,0x00000000fd380000,0x0000000100000000)
 ParOldGen       total 316928K, used 112746K [0x00000000c0000000, 0x00000000d3580000, 0x00000000eab00000)
  object space 316928K, 35% used [0x00000000c0000000,0x00000000c6e1a980,0x00000000d3580000)
 Metaspace       used 85633K, capacity 92102K, committed 97408K, reserved 1134592K
  class space    used 10625K, capacity 12109K, committed 13184K, reserved 1048576K
}
Event: 5900.178 GC heap before
{Heap before GC invocations=52 (full 4):
 PSYoungGen      total 303616K, used 264242K [0x00000000eab00000, 0x0000000100000000, 0x0000000100000000)
  eden space 265216K, 99% used [0x00000000eab00000,0x00000000fad0cb08,0x00000000fae00000)
  from space 38400K, 0% used [0x00000000fae00000,0x00000000fae00000,0x00000000fd380000)
  to   space 45568K, 0% used [0x00000000fd380000,0x00000000fd380000,0x0000000100000000)
 ParOldGen       total 316928K, used 112746K [0x00000000c0000000, 0x00000000d3580000, 0x00000000eab00000)
  object space 316928K, 35% used [0x00000000c0000000,0x00000000c6e1a980,0x00000000d3580000)
 Metaspace       used 85637K, capacity 92108K, committed 97408K, reserved 1134592K
  class space    used 10626K, capacity 12110K, committed 13184K, reserved 1048576K
Event: 5900.185 GC heap after
Heap after GC invocations=52 (full 4):
 PSYoungGen      total 289280K, used 4988K [0x00000000eab00000, 0x0000000100000000, 0x0000000100000000)
  eden space 243712K, 0% used [0x00000000eab00000,0x00000000eab00000,0x00000000f9900000)
  from space 45568K, 10% used [0x00000000fd380000,0x00000000fd85f168,0x0000000100000000)
  to   space 52736K, 0% used [0x00000000f9900000,0x00000000f9900000,0x00000000fcc80000)
 ParOldGen       total 316928K, used 112754K [0x00000000c0000000, 0x00000000d3580000, 0x00000000eab00000)
  object space 316928K, 35% used [0x00000000c0000000,0x00000000c6e1c980,0x00000000d3580000)
 Metaspace       used 85637K, capacity 92108K, committed 97408K, reserved 1134592K
  class space    used 10626K, capacity 12110K, committed 13184K, reserved 1048576K
}
Event: 5902.422 GC heap before
{Heap before GC invocations=53 (full 4):
 PSYoungGen      total 289280K, used 247713K [0x00000000eab00000, 0x0000000100000000, 0x0000000100000000)
  eden space 243712K, 99% used [0x00000000eab00000,0x00000000f98094e8,0x00000000f9900000)
  from space 45568K, 10% used [0x00000000fd380000,0x00000000fd85f168,0x0000000100000000)
  to   space 52736K, 0% used [0x00000000f9900000,0x00000000f9900000,0x00000000fcc80000)
 ParOldGen       total 316928K, used 112754K [0x00000000c0000000, 0x00000000d3580000, 0x00000000eab00000)
  object space 316928K, 35% used [0x00000000c0000000,0x00000000c6e1c980,0x00000000d3580000)
 Metaspace       used 85656K, capacity 92114K, committed 97408K, reserved 1134592K
  class space    used 10627K, capacity 12111K, committed 13184K, reserved 1048576K
Event: 5902.429 GC heap after
Heap after GC invocations=53 (full 4):
 PSYoungGen      total 296448K, used 3035K [0x00000000eab00000, 0x0000000100000000, 0x0000000100000000)
  eden space 243712K, 0% used [0x00000000eab00000,0x00000000eab00000,0x00000000f9900000)
  from space 52736K, 5% used [0x00000000f9900000,0x00000000f9bf6d98,0x00000000fcc80000)
  to   space 51200K, 0% used [0x00000000fce00000,0x00000000fce00000,0x0000000100000000)
 ParOldGen       total 316928K, used 112762K [0x00000000c0000000, 0x00000000d3580000, 0x00000000eab00000)
  object space 316928K, 35% used [0x00000000c0000000,0x00000000c6e1e980,0x00000000d3580000)
 Metaspace       used 85656K, capacity 92114K, committed 97408K, reserved 1134592K
  class space    used 10627K, capacity 12111K, committed 13184K, reserved 1048576K
}
Event: 6151.213 GC heap before
{Heap before GC invocations=54 (full 4):
 PSYoungGen      total 296448K, used 246747K [0x00000000eab00000, 0x0000000100000000, 0x0000000100000000)
  eden space 243712K, 100% used [0x00000000eab00000,0x00000000f9900000,0x00000000f9900000)
  from space 52736K, 5% used [0x00000000f9900000,0x00000000f9bf6d98,0x00000000fcc80000)
  to   space 51200K, 0% used [0x00000000fce00000,0x00000000fce00000,0x0000000100000000)
 ParOldGen       total 316928K, used 112762K [0x00000000c0000000, 0x00000000d3580000, 0x00000000eab00000)
  object space 316928K, 35% used [0x00000000c0000000,0x00000000c6e1e980,0x00000000d3580000)
 Metaspace       used 86356K, capacity 93052K, committed 97408K, reserved 1134592K
  class space    used 10751K, capacity 12299K, committed 13184K, reserved 1048576K
Event: 6151.221 GC heap after
Heap after GC invocations=54 (full 4):
 PSYoungGen      total 291840K, used 3045K [0x00000000eab00000, 0x00000000ffb80000, 0x0000000100000000)
  eden space 245248K, 0% used [0x00000000eab00000,0x00000000eab00000,0x00000000f9a80000)
  from space 46592K, 6% used [0x00000000fce00000,0x00000000fd0f9648,0x00000000ffb80000)
  to   space 49664K, 0% used [0x00000000f9a80000,0x00000000f9a80000,0x00000000fcb00000)
 ParOldGen       total 316928K, used 112762K [0x00000000c0000000, 0x00000000d3580000, 0x00000000eab00000)
  object space 316928K, 35% used [0x00000000c0000000,0x00000000c6e1e980,0x00000000d3580000)
 Metaspace       used 86356K, capacity 93052K, committed 97408K, reserved 1134592K
  class space    used 10751K, capacity 12299K, committed 13184K, reserved 1048576K
}

